生成启动时间为 2017/11/5 21:52:20。
     1>项目“D:\Manager\Manager\Manager\Manager.vcxproj”在节点 2 上(Build 个目标)。
     1>ClCompile:
         D:\Program Files (x86)\Microsoft Visual Studio 12.0\VC\bin\CL.exe /c /ZI /nologo /W3 /WX- /Od /Oy- /D WIN32 /D _WINDOWS /D _DEBUG /D _UNICODE /D UNICODE /Gm /EHsc /RTC1 /MTd /GS /fp:precise /Zc:wchar_t /Zc:forScope /Yu"stdafx.h" /Fp"Debug\Manager.pch" /Fo"Debug\\" /Fd"Debug\vc120.pdb" /Gd /TP /analyze- /errorReport:prompt DataIDDlg.cpp FindDlg.cpp Manager.cpp ManagerDlg.cpp
         ManagerDlg.cpp
     1>d:\manager\manager\manager\resource.h(219): warning C4005: “IDOK”: 宏重定义
                 c:\program files (x86)\windows kits\8.1\include\um\winuser.h(10562) : 参见“IDOK”的前一个定义
     1>d:\manager\manager\manager\resource.h(221): warning C4005: “IDCANCEL”: 宏重定义
                 c:\program files (x86)\windows kits\8.1\include\um\winuser.h(10563) : 参见“IDCANCEL”的前一个定义
     1>d:\manager\manager\manager\managerdlg.cpp(580): warning C4244: “*=”: 从“float”转换到“LONG”，可能丢失数据
     1>d:\manager\manager\manager\managerdlg.cpp(581): warning C4244: “*=”: 从“float”转换到“LONG”，可能丢失数据
     1>d:\manager\manager\manager\managerdlg.cpp(584): warning C4244: “*=”: 从“float”转换到“LONG”，可能丢失数据
     1>d:\manager\manager\manager\managerdlg.cpp(585): warning C4244: “*=”: 从“float”转换到“LONG”，可能丢失数据
         正在生成代码...
         正在编译...
         Manager.cpp
     1>d:\manager\manager\manager\resource.h(219): warning C4005: “IDOK”: 宏重定义
                 c:\program files (x86)\windows kits\8.1\include\um\winuser.h(10562) : 参见“IDOK”的前一个定义
     1>d:\manager\manager\manager\resource.h(221): warning C4005: “IDCANCEL”: 宏重定义
                 c:\program files (x86)\windows kits\8.1\include\um\winuser.h(10563) : 参见“IDCANCEL”的前一个定义
         FindDlg.cpp
     1>d:\manager\manager\manager\resource.h(219): warning C4005: “IDOK”: 宏重定义
                 c:\program files (x86)\windows kits\8.1\include\um\winuser.h(10562) : 参见“IDOK”的前一个定义
     1>d:\manager\manager\manager\resource.h(221): warning C4005: “IDCANCEL”: 宏重定义
                 c:\program files (x86)\windows kits\8.1\include\um\winuser.h(10563) : 参见“IDCANCEL”的前一个定义
     1>d:\manager\manager\manager\finddlg.cpp(87): warning C4018: “<”: 有符号/无符号不匹配
         DataIDDlg.cpp
     1>d:\manager\manager\manager\resource.h(219): warning C4005: “IDOK”: 宏重定义
                 c:\program files (x86)\windows kits\8.1\include\um\winuser.h(10562) : 参见“IDOK”的前一个定义
     1>d:\manager\manager\manager\resource.h(221): warning C4005: “IDCANCEL”: 宏重定义
                 c:\program files (x86)\windows kits\8.1\include\um\winuser.h(10563) : 参见“IDCANCEL”的前一个定义
     1>d:\manager\manager\manager\dataiddlg.cpp(50): warning C4018: “<”: 有符号/无符号不匹配
         正在生成代码...
       ResourceCompile:
         C:\Program Files (x86)\Windows Kits\8.1\bin\x86\rc.exe /D _DEBUG /D _UNICODE /D UNICODE /l"0x0804" /IDebug\ /nologo /fo"Debug\Manager.res" Manager.rc 
     1>C:\Program Files (x86)\Windows Kits\8.1\Include\um\winuser.rh(1364): warning RC4005: 'IDOK' : redefinition
         
     1>C:\Program Files (x86)\Windows Kits\8.1\Include\um\winuser.rh(1365): warning RC4005: 'IDCANCEL' : redefinition
         
       Link:
         D:\Program Files (x86)\Microsoft Visual Studio 12.0\VC\bin\link.exe /ERRORREPORT:PROMPT /OUT:"D:\Manager\Manager\Debug\Manager.exe" /INCREMENTAL /NOLOGO opencv_ml249d.lib opencv_calib3d249d.lib opencv_contrib249d.lib opencv_core249d.lib opencv_features2d249d.lib opencv_flann249d.lib opencv_gpu249d.lib opencv_highgui249d.lib opencv_imgproc249d.lib opencv_legacy249d.lib opencv_objdetect249d.lib opencv_ts249d.lib opencv_video249d.lib opencv_nonfree249d.lib opencv_ocl249d.lib opencv_photo249d.lib opencv_stitching249d.lib opencv_superres249d.lib opencv_videostab249d.lib opencv_objdetect249.lib opencv_ts249.lib opencv_video249.lib opencv_nonfree249.lib opencv_ocl249.lib opencv_photo249.lib opencv_stitching249.lib opencv_superres249.lib opencv_videostab249.lib opencv_calib3d249.lib opencv_contrib249.lib opencv_core249.lib opencv_features2d249.lib opencv_flann249.lib opencv_gpu249.lib opencv_highgui249.lib opencv_imgproc249.lib opencv_legacy249.lib opencv_ml249.lib /MANIFEST /MANIFESTUAC:"level='asInvoker' uiAccess='false'" /manifest:embed /manifestinput:"D:\Program Files (x86)\Microsoft Visual Studio 12.0\VC\Include\Manifest\dpiaware.manifest" /DEBUG /PDB:"D:\Manager\Manager\Debug\Manager.pdb" /SUBSYSTEM:WINDOWS /TLBID:1 /ENTRY:"wWinMainCRTStartup" /DYNAMICBASE /NXCOMPAT /IMPLIB:"D:\Manager\Manager\Debug\Manager.lib" /MACHINE:X86 Debug\Manager.res
         Debug\DataIDDlg.obj
         Debug\FindDlg.obj
         Debug\Manager.obj
         Debug\ManagerDlg.obj
         Debug\stdafx.obj
         Manager.vcxproj -> D:\Manager\Manager\Debug\Manager.exe
     1>已完成生成项目“D:\Manager\Manager\Manager\Manager.vcxproj”(Build 个目标)的操作。

生成成功。

已用时间 00:00:07.30
