d:\manager\manager\manager\debug\manager.pch
d:\manager\manager\manager\debug\vc120.pdb
d:\manager\manager\manager\debug\vc120.idb
d:\manager\manager\manager\debug\stdafx.obj
d:\manager\manager\manager\debug\manager.obj
d:\manager\manager\manager\debug\managerdlg.obj
d:\manager\manager\manager\debug\basicinfodlg.obj
d:\manager\manager\manager\debug\bodycheckdlg.obj
d:\manager\manager\manager\debug\pathologydlg.obj
d:\manager\manager\debug\manager.ilk
d:\manager\manager\debug\manager.exe
d:\manager\manager\debug\manager.pdb
d:\manager\manager\manager\debug\manager.res
d:\manager\manager\manager\debug\manager.tlog\cl.command.1.tlog
d:\manager\manager\manager\debug\manager.tlog\cl.read.1.tlog
d:\manager\manager\manager\debug\manager.tlog\cl.write.1.tlog
d:\manager\manager\manager\debug\manager.tlog\link.command.1.tlog
d:\manager\manager\manager\debug\manager.tlog\link.read.1.tlog
d:\manager\manager\manager\debug\manager.tlog\link.write.1.tlog
d:\manager\manager\manager\debug\manager.tlog\rc.command.1.tlog
d:\manager\manager\manager\debug\manager.tlog\rc.read.1.tlog
d:\manager\manager\manager\debug\manager.tlog\rc.write.1.tlog
