生成启动时间为 2017/10/28 21:56:45。
     1>项目“D:\Manager\Manager\Manager\Manager.vcxproj”在节点 2 上(Build 个目标)。
     1>ClCompile:
         D:\Program Files (x86)\Microsoft Visual Studio 12.0\VC\bin\CL.exe /c /Zi /nologo /W3 /WX- /O2 /Oi /Oy- /GL /D WIN32 /D _WINDOWS /D NDEBUG /D _MBCS /Gm- /EHsc /MT /GS /Gy /fp:precise /Zc:wchar_t /Zc:forScope /Yc"stdafx.h" /Fp"Release\Manager.pch" /Fo"Release\\" /Fd"Release\vc120.pdb" /Gd /TP /analyze- /errorReport:prompt stdafx.cpp
         stdafx.cpp
     1>D:\Program Files (x86)\Microsoft Visual Studio 12.0\VC\atlmfc\include\afx.h(38): warning C4996: 'MBCS_Support_Deprecated_In_MFC': MBCS support in MFC is deprecated and may be removed in a future version of MFC.
                 D:\Program Files (x86)\Microsoft Visual Studio 12.0\VC\atlmfc\include\afx.h(33) : 参见“MBCS_Support_Deprecated_In_MFC”的声明
         D:\Program Files (x86)\Microsoft Visual Studio 12.0\VC\bin\CL.exe /c /Zi /nologo /W3 /WX- /O2 /Oi /Oy- /GL /D WIN32 /D _WINDOWS /D NDEBUG /D _MBCS /Gm- /EHsc /MT /GS /Gy /fp:precise /Zc:wchar_t /Zc:forScope /Yu"stdafx.h" /Fp"Release\Manager.pch" /Fo"Release\\" /Fd"Release\vc120.pdb" /Gd /TP /analyze- /errorReport:prompt DataIDDlg.cpp FindDlg.cpp Manager.cpp ManagerDlg.cpp
         DataIDDlg.cpp
     1>d:\manager\manager\manager\resource.h(221): warning C4005: “IDOK”: 宏重定义
                 C:\Program Files (x86)\Windows Kits\8.1\Include\um\winuser.h(10562) : 参见“IDOK”的前一个定义
     1>d:\manager\manager\manager\resource.h(223): warning C4005: “IDCANCEL”: 宏重定义
                 C:\Program Files (x86)\Windows Kits\8.1\Include\um\winuser.h(10563) : 参见“IDCANCEL”的前一个定义
     1>d:\manager\manager\manager\EasyFound.h(43): warning C4005: “EF_SHOW”: 宏重定义
                 d:\manager\manager\manager\EasyFound.h(30) : 参见“EF_SHOW”的前一个定义
     1>d:\manager\manager\manager\EasyFound.h(52): warning C4005: “END_EASYFOUND_MAP”: 宏重定义
                 d:\manager\manager\manager\EasyFound.h(48) : 参见“END_EASYFOUND_MAP”的前一个定义
     1>d:\manager\manager\manager\EasyStaticCtrlConnect.h(72): warning C4010: 单行注释包含行继续符
     1>d:\manager\manager\manager\EasyStaticCtrlConnect.h(73): warning C4010: 单行注释包含行继续符
     1>d:\manager\manager\manager\EasyStaticCtrlConnect.h(74): warning C4010: 单行注释包含行继续符
     1>d:\manager\manager\manager\EasyStaticCtrlConnect.h(75): warning C4010: 单行注释包含行继续符
     1>d:\manager\manager\manager\EasyStaticCtrlConnect.h(76): warning C4010: 单行注释包含行继续符
     1>d:\manager\manager\manager\EasyStaticCtrlConnect.h(77): warning C4010: 单行注释包含行继续符
     1>d:\manager\manager\manager\EasyStaticCtrlConnect.h(78): warning C4010: 单行注释包含行继续符
     1>d:\manager\manager\manager\EasyStaticCtrlConnect.h(79): warning C4010: 单行注释包含行继续符
     1>d:\manager\manager\manager\EasyStaticCtrlConnect.h(80): warning C4010: 单行注释包含行继续符
     1>d:\manager\manager\manager\EasyStaticCtrlConnect.h(81): warning C4010: 单行注释包含行继续符
     1>d:\manager\manager\manager\EasyStaticCtrlConnect.h(82): warning C4010: 单行注释包含行继续符
     1>d:\manager\manager\manager\EasyStaticCtrlConnect.h(83): warning C4010: 单行注释包含行继续符
     1>DataIDDlg.cpp(50): warning C4018: “<”: 有符号/无符号不匹配
         FindDlg.cpp
     1>d:\manager\manager\manager\resource.h(221): warning C4005: “IDOK”: 宏重定义
                 C:\Program Files (x86)\Windows Kits\8.1\Include\um\winuser.h(10562) : 参见“IDOK”的前一个定义
     1>d:\manager\manager\manager\resource.h(223): warning C4005: “IDCANCEL”: 宏重定义
                 C:\Program Files (x86)\Windows Kits\8.1\Include\um\winuser.h(10563) : 参见“IDCANCEL”的前一个定义
     1>d:\manager\manager\manager\EasyFound.h(43): warning C4005: “EF_SHOW”: 宏重定义
                 d:\manager\manager\manager\EasyFound.h(30) : 参见“EF_SHOW”的前一个定义
     1>d:\manager\manager\manager\EasyFound.h(52): warning C4005: “END_EASYFOUND_MAP”: 宏重定义
                 d:\manager\manager\manager\EasyFound.h(48) : 参见“END_EASYFOUND_MAP”的前一个定义
     1>d:\manager\manager\manager\EasyStaticCtrlConnect.h(72): warning C4010: 单行注释包含行继续符
     1>d:\manager\manager\manager\EasyStaticCtrlConnect.h(73): warning C4010: 单行注释包含行继续符
     1>d:\manager\manager\manager\EasyStaticCtrlConnect.h(74): warning C4010: 单行注释包含行继续符
     1>d:\manager\manager\manager\EasyStaticCtrlConnect.h(75): warning C4010: 单行注释包含行继续符
     1>d:\manager\manager\manager\EasyStaticCtrlConnect.h(76): warning C4010: 单行注释包含行继续符
     1>d:\manager\manager\manager\EasyStaticCtrlConnect.h(77): warning C4010: 单行注释包含行继续符
     1>d:\manager\manager\manager\EasyStaticCtrlConnect.h(78): warning C4010: 单行注释包含行继续符
     1>d:\manager\manager\manager\EasyStaticCtrlConnect.h(79): warning C4010: 单行注释包含行继续符
     1>d:\manager\manager\manager\EasyStaticCtrlConnect.h(80): warning C4010: 单行注释包含行继续符
     1>d:\manager\manager\manager\EasyStaticCtrlConnect.h(81): warning C4010: 单行注释包含行继续符
     1>d:\manager\manager\manager\EasyStaticCtrlConnect.h(82): warning C4010: 单行注释包含行继续符
     1>d:\manager\manager\manager\EasyStaticCtrlConnect.h(83): warning C4010: 单行注释包含行继续符
         Manager.cpp
     1>d:\manager\manager\manager\resource.h(221): warning C4005: “IDOK”: 宏重定义
                 C:\Program Files (x86)\Windows Kits\8.1\Include\um\winuser.h(10562) : 参见“IDOK”的前一个定义
     1>d:\manager\manager\manager\resource.h(223): warning C4005: “IDCANCEL”: 宏重定义
                 C:\Program Files (x86)\Windows Kits\8.1\Include\um\winuser.h(10563) : 参见“IDCANCEL”的前一个定义
     1>d:\manager\manager\manager\EasyFound.h(43): warning C4005: “EF_SHOW”: 宏重定义
                 d:\manager\manager\manager\EasyFound.h(30) : 参见“EF_SHOW”的前一个定义
     1>d:\manager\manager\manager\EasyFound.h(52): warning C4005: “END_EASYFOUND_MAP”: 宏重定义
                 d:\manager\manager\manager\EasyFound.h(48) : 参见“END_EASYFOUND_MAP”的前一个定义
     1>d:\manager\manager\manager\EasyStaticCtrlConnect.h(72): warning C4010: 单行注释包含行继续符
     1>d:\manager\manager\manager\EasyStaticCtrlConnect.h(73): warning C4010: 单行注释包含行继续符
     1>d:\manager\manager\manager\EasyStaticCtrlConnect.h(74): warning C4010: 单行注释包含行继续符
     1>d:\manager\manager\manager\EasyStaticCtrlConnect.h(75): warning C4010: 单行注释包含行继续符
     1>d:\manager\manager\manager\EasyStaticCtrlConnect.h(76): warning C4010: 单行注释包含行继续符
     1>d:\manager\manager\manager\EasyStaticCtrlConnect.h(77): warning C4010: 单行注释包含行继续符
     1>d:\manager\manager\manager\EasyStaticCtrlConnect.h(78): warning C4010: 单行注释包含行继续符
     1>d:\manager\manager\manager\EasyStaticCtrlConnect.h(79): warning C4010: 单行注释包含行继续符
     1>d:\manager\manager\manager\EasyStaticCtrlConnect.h(80): warning C4010: 单行注释包含行继续符
     1>d:\manager\manager\manager\EasyStaticCtrlConnect.h(81): warning C4010: 单行注释包含行继续符
     1>d:\manager\manager\manager\EasyStaticCtrlConnect.h(82): warning C4010: 单行注释包含行继续符
     1>d:\manager\manager\manager\EasyStaticCtrlConnect.h(83): warning C4010: 单行注释包含行继续符
         ManagerDlg.cpp
     1>d:\manager\manager\manager\resource.h(221): warning C4005: “IDOK”: 宏重定义
                 C:\Program Files (x86)\Windows Kits\8.1\Include\um\winuser.h(10562) : 参见“IDOK”的前一个定义
     1>d:\manager\manager\manager\resource.h(223): warning C4005: “IDCANCEL”: 宏重定义
                 C:\Program Files (x86)\Windows Kits\8.1\Include\um\winuser.h(10563) : 参见“IDCANCEL”的前一个定义
     1>d:\manager\manager\manager\EasyFound.h(43): warning C4005: “EF_SHOW”: 宏重定义
                 d:\manager\manager\manager\EasyFound.h(30) : 参见“EF_SHOW”的前一个定义
     1>d:\manager\manager\manager\EasyFound.h(52): warning C4005: “END_EASYFOUND_MAP”: 宏重定义
                 d:\manager\manager\manager\EasyFound.h(48) : 参见“END_EASYFOUND_MAP”的前一个定义
     1>d:\manager\manager\manager\EasyStaticCtrlConnect.h(72): warning C4010: 单行注释包含行继续符
     1>d:\manager\manager\manager\EasyStaticCtrlConnect.h(73): warning C4010: 单行注释包含行继续符
     1>d:\manager\manager\manager\EasyStaticCtrlConnect.h(74): warning C4010: 单行注释包含行继续符
     1>d:\manager\manager\manager\EasyStaticCtrlConnect.h(75): warning C4010: 单行注释包含行继续符
     1>d:\manager\manager\manager\EasyStaticCtrlConnect.h(76): warning C4010: 单行注释包含行继续符
     1>d:\manager\manager\manager\EasyStaticCtrlConnect.h(77): warning C4010: 单行注释包含行继续符
     1>d:\manager\manager\manager\EasyStaticCtrlConnect.h(78): warning C4010: 单行注释包含行继续符
     1>d:\manager\manager\manager\EasyStaticCtrlConnect.h(79): warning C4010: 单行注释包含行继续符
     1>d:\manager\manager\manager\EasyStaticCtrlConnect.h(80): warning C4010: 单行注释包含行继续符
     1>d:\manager\manager\manager\EasyStaticCtrlConnect.h(81): warning C4010: 单行注释包含行继续符
     1>d:\manager\manager\manager\EasyStaticCtrlConnect.h(82): warning C4010: 单行注释包含行继续符
     1>d:\manager\manager\manager\EasyStaticCtrlConnect.h(83): warning C4010: 单行注释包含行继续符
     1>ManagerDlg.cpp(57): warning C4101: “nCount”: 未引用的局部变量
     1>ManagerDlg.cpp(580): warning C4244: “*=”: 从“float”转换到“LONG”，可能丢失数据
     1>ManagerDlg.cpp(581): warning C4244: “*=”: 从“float”转换到“LONG”，可能丢失数据
     1>ManagerDlg.cpp(584): warning C4244: “*=”: 从“float”转换到“LONG”，可能丢失数据
     1>ManagerDlg.cpp(585): warning C4244: “*=”: 从“float”转换到“LONG”，可能丢失数据
       ResourceCompile:
         C:\Program Files (x86)\Windows Kits\8.1\bin\x86\rc.exe /D NDEBUG /l"0x0804" /IRelease\ /nologo /fo"Release\Manager.res" Manager.rc 
     1>C:\Program Files (x86)\Windows Kits\8.1\Include\um\winuser.rh(1364): warning RC4005: 'IDOK' : redefinition
         
     1>C:\Program Files (x86)\Windows Kits\8.1\Include\um\winuser.rh(1365): warning RC4005: 'IDCANCEL' : redefinition
         
       Link:
         D:\Program Files (x86)\Microsoft Visual Studio 12.0\VC\bin\link.exe /ERRORREPORT:PROMPT /OUT:"D:\Manager\Manager\Release\Manager.exe" /INCREMENTAL:NO /NOLOGO opencv_ml249d.lib opencv_calib3d249d.lib opencv_contrib249d.lib opencv_core249d.lib opencv_features2d249d.lib opencv_flann249d.lib opencv_gpu249d.lib opencv_highgui249d.lib opencv_imgproc249d.lib opencv_legacy249d.lib opencv_objdetect249d.lib opencv_ts249d.lib opencv_video249d.lib opencv_nonfree249d.lib opencv_ocl249d.lib opencv_photo249d.lib opencv_stitching249d.lib opencv_superres249d.lib opencv_videostab249d.lib opencv_objdetect249.lib opencv_ts249.lib opencv_video249.lib opencv_nonfree249.lib opencv_ocl249.lib opencv_photo249.lib opencv_stitching249.lib opencv_superres249.lib opencv_videostab249.lib opencv_calib3d249.lib opencv_contrib249.lib opencv_core249.lib opencv_features2d249.lib opencv_flann249.lib opencv_gpu249.lib opencv_highgui249.lib opencv_imgproc249.lib opencv_legacy249.lib opencv_ml249.lib /MANIFEST /MANIFESTUAC:"level='asInvoker' uiAccess='false'" /manifest:embed /manifestinput:"D:\Program Files (x86)\Microsoft Visual Studio 12.0\VC\Include\Manifest\dpiaware.manifest" /DEBUG /PDB:"D:\Manager\Manager\Release\Manager.pdb" /SUBSYSTEM:WINDOWS /OPT:REF /OPT:ICF /LTCG /TLBID:1 /DYNAMICBASE /NXCOMPAT /IMPLIB:"D:\Manager\Manager\Release\Manager.lib" /MACHINE:X86 /SAFESEH Release\Manager.res
         Release\DataIDDlg.obj
         Release\FindDlg.obj
         Release\Manager.obj
         Release\ManagerDlg.obj
         Release\stdafx.obj
         正在生成代码
         已完成代码的生成
         Manager.vcxproj -> D:\Manager\Manager\Release\Manager.exe
     1>已完成生成项目“D:\Manager\Manager\Manager\Manager.vcxproj”(Build 个目标)的操作。

生成成功。

已用时间 00:00:14.01
